TACC: NODE_LIST: c251-101
TACC: NODE_HOSTNAME: c251-101.wrangler.tacc.utexas.edu
adding c251-101
ssh c251-101 mkdir -p /tmp/spark/{run,log}; chmod -R 777 /tmp/spark
@@@@@@@@@@@@@@@@@@@@@@@@@@@@@@@@@@@@@@@@@@@@@@@@@@@@@@@@@@@
@    WARNING: REMOTE HOST IDENTIFICATION HAS CHANGED!     @
@@@@@@@@@@@@@@@@@@@@@@@@@@@@@@@@@@@@@@@@@@@@@@@@@@@@@@@@@@@
IT IS POSSIBLE THAT SOMEONE IS DOING SOMETHING NASTY!
Someone could be eavesdropping on you right now (man-in-the-middle attack)!
It is also possible that a host key has just been changed.
The fingerprint for the ECDSA key sent by the remote host is
SHA256:OPJ/w+MqWB4B8woCC/pP2oHIvafPpiHnnc4B3XnCXh8.
Please contact your system administrator.
Add correct host key in /home/03076/rhuang/.ssh/known_hosts to get rid of this message.
Offending ECDSA key in /home/03076/rhuang/.ssh/known_hosts:54
Password authentication is disabled to avoid man-in-the-middle attacks.
Keyboard-interactive authentication is disabled to avoid man-in-the-middle attacks.
starting org.apache.spark.deploy.master.Master, logging to /tmp/spark/log/spark/spark-rhuang-org.apache.spark.deploy.master.Master-1-c251-101.out
c251-101: @@@@@@@@@@@@@@@@@@@@@@@@@@@@@@@@@@@@@@@@@@@@@@@@@@@@@@@@@@@
c251-101: @    WARNING: REMOTE HOST IDENTIFICATION HAS CHANGED!     @
c251-101: @@@@@@@@@@@@@@@@@@@@@@@@@@@@@@@@@@@@@@@@@@@@@@@@@@@@@@@@@@@
c251-101: IT IS POSSIBLE THAT SOMEONE IS DOING SOMETHING NASTY!
c251-101: Someone could be eavesdropping on you right now (man-in-the-middle attack)!
c251-101: It is also possible that a host key has just been changed.
c251-101: The fingerprint for the ECDSA key sent by the remote host is
c251-101: SHA256:OPJ/w+MqWB4B8woCC/pP2oHIvafPpiHnnc4B3XnCXh8.
c251-101: Please contact your system administrator.
c251-101: Add correct host key in /home/03076/rhuang/.ssh/known_hosts to get rid of this message.
c251-101: Offending ECDSA key in /home/03076/rhuang/.ssh/known_hosts:54
c251-101: Password authentication is disabled to avoid man-in-the-middle attacks.
c251-101: Keyboard-interactive authentication is disabled to avoid man-in-the-middle attacks.
c251-101: starting org.apache.spark.deploy.worker.Worker, logging to /tmp/spark/log/spark/spark-rhuang-org.apache.spark.deploy.worker.Worker-1-c251-101.wrangler.tacc.utexas.edu.out

To access the system:

1) If not using ssh-keys, please enter your TACC password at the password prompt
2) At the TACC Token prompt, enter your 6-digit code followed by <return>.

To access the system:

1) If not using ssh-keys, please enter your TACC password at the password prompt
2) At the TACC Token prompt, enter your 6-digit code followed by <return>.
SPARK master is running at spark:\/\/c251-101.wrangler.tacc.utexas.edu:7077
Spark cluster UI is at http://login1.maverick.tacc.utexas.edu:57798
Spark job UI is at http://login1.maverick.tacc.utexas.edu:57798
Prepare to run Zeppelin in /work/00791/xwj/maverick/run_spark/zeppelin-0.7.1-bin-all with spark at spark:\/\/c251-101.wrangler.tacc.utexas.edu:7077
sed -i s/export MASTER=.*/export MASTER=spark:\/\/c251-101.wrangler.tacc.utexas.edu:7077/g /home/03076/rhuang/.zeppelin/conf/zeppelin-env.sh
Warning: remote port forwarding failed for listen port 57798
/work/00791/xwj/maverick/run_spark/zeppelin-0.7.1-bin-all/bin/zeppelin-daemon.sh --config /home/03076/rhuang/.zeppelin/conf/ start
Zeppelin start [60G[[0;32m  OK  [0;39m]

To access the system:

1) If not using ssh-keys, please enter your TACC password at the password prompt
2) At the TACC Token prompt, enter your 6-digit code followed by <return>.
Zeppelin UI is at http://wrangler.tacc.utexas.edu:53062
slurmstepd: error: *** JOB 65652 ON c251-101 CANCELLED AT 2018-04-17T02:29:55 DUE TO TIME LIMIT ***
